<?xml version="1.0" encoding="UTF-8"?>
<testng-results ignored="0" total="1" passed="1" failed="0" skipped="0">
  <reporter-output>
  </reporter-output>
  <suite started-at="2023-10-09T09:54:53 IST" name="Default suite" finished-at="2023-10-09T09:55:03 IST" duration-ms="9593">
    <groups>
    </groups>
    <test started-at="2023-10-09T09:54:53 IST" name="Default test" finished-at="2023-10-09T09:55:03 IST" duration-ms="9593">
      <class name="testNGscripts.GooglePageTest">
        <test-method signature="javaSearchTest()[pri:0, instance:testNGscripts.GooglePageTest@771a660]" started-at="2023-10-09T09:54:53 IST" name="javaSearchTest" finished-at="2023-10-09T09:55:03 IST" duration-ms="9543" status="PASS">
          <reporter-output>
          </reporter-output>
        </test-method> <!-- javaSearchTest -->
      </class> <!-- testNGscripts.GooglePageTest -->
    </test> <!-- Default test -->
  </suite> <!-- Default suite -->
</testng-results>
