<?xml version="1.0" encoding="UTF-8"?>
<testng-results ignored="0" total="1" passed="1" failed="0" skipped="0">
  <reporter-output>
  </reporter-output>
  <suite started-at="2023-10-09T13:15:51 IST" name="Default suite" finished-at="2023-10-09T13:16:06 IST" duration-ms="15252">
    <groups>
    </groups>
    <test started-at="2023-10-09T13:15:51 IST" name="Default test" finished-at="2023-10-09T13:16:06 IST" duration-ms="15252">
      <class name="testScripts.LoginTestUsingTestNG">
        <test-method is-config="true" signature="setup()[pri:0, instance:testScripts.LoginTestUsingTestNG@f78a47e]" started-at="2023-10-09T13:15:51 IST" name="setup" finished-at="2023-10-09T13:15:53 IST" duration-ms="2662" status="PASS">
          <reporter-output>
          </reporter-output>
        </test-method> <!-- setup -->
        <test-method signature="validLoginTest()[pri:0, instance:testScripts.LoginTestUsingTestNG@f78a47e]" started-at="2023-10-09T13:15:53 IST" name="validLoginTest" finished-at="2023-10-09T13:16:06 IST" duration-ms="12445" status="PASS">
          <reporter-output>
          </reporter-output>
        </test-method> <!-- validLoginTest -->
        <test-method is-config="true" signature="teardown()[pri:0, instance:testScripts.LoginTestUsingTestNG@f78a47e]" started-at="2023-10-09T13:16:06 IST" name="teardown" finished-at="2023-10-09T13:16:06 IST" duration-ms="102" status="PASS">
          <reporter-output>
          </reporter-output>
        </test-method> <!-- teardown -->
      </class> <!-- testScripts.LoginTestUsingTestNG -->
    </test> <!-- Default test -->
  </suite> <!-- Default suite -->
</testng-results>
